[2024-12-26T10:30:36.481+0000] {local_task_job_runner.py:123} INFO - ::group::Pre task execution logs
[2024-12-26T10:30:36.548+0000] {taskinstance.py:2613} INFO - Dependencies all met for dep_context=non-requeueable deps ti=<TaskInstance: vehicule_data_processing.transform_vehicule_alerts scheduled__2024-12-25T00:00:00+00:00 [queued]>
[2024-12-26T10:30:36.593+0000] {taskinstance.py:2613} INFO - Dependencies all met for dep_context=requeueable deps ti=<TaskInstance: vehicule_data_processing.transform_vehicule_alerts scheduled__2024-12-25T00:00:00+00:00 [queued]>
[2024-12-26T10:30:36.596+0000] {taskinstance.py:2866} INFO - Starting attempt 1 of 1
[2024-12-26T10:30:36.681+0000] {taskinstance.py:2889} INFO - Executing <Task(_PythonDecoratedOperator): transform_vehicule_alerts> on 2024-12-25 00:00:00+00:00
[2024-12-26T10:30:36.696+0000] {standard_task_runner.py:72} INFO - Started process 1018 to run task
[2024-12-26T10:30:36.711+0000] {standard_task_runner.py:104} INFO - Running: ['***', 'tasks', 'run', 'vehicule_data_processing', 'transform_vehicule_alerts', 'scheduled__2024-12-25T00:00:00+00:00', '--job-id', '122', '--raw', '--subdir', 'DAGS_FOLDER/batchVehiculeProcessing.py', '--cfg-path', '/tmp/tmpe3bvqjsc']
[2024-12-26T10:30:36.724+0000] {standard_task_runner.py:105} INFO - Job 122: Subtask transform_vehicule_alerts
[2024-12-26T10:30:36.886+0000] {task_command.py:467} INFO - Running <TaskInstance: vehicule_data_processing.transform_vehicule_alerts scheduled__2024-12-25T00:00:00+00:00 [running]> on host 3096e710f899
[2024-12-26T10:30:37.169+0000] {taskinstance.py:3132} INFO - Exporting env vars: AIRFLOW_CTX_DAG_OWNER='***' AIRFLOW_CTX_DAG_ID='vehicule_data_processing' AIRFLOW_CTX_TASK_ID='transform_vehicule_alerts' AIRFLOW_CTX_EXECUTION_DATE='2024-12-25T00:00:00+00:00' AIRFLOW_CTX_TRY_NUMBER='1' AIRFLOW_CTX_DAG_RUN_ID='scheduled__2024-12-25T00:00:00+00:00'
[2024-12-26T10:30:37.172+0000] {taskinstance.py:731} INFO - ::endgroup::
[2024-12-26T10:31:02.998+0000] {logging_mixin.py:190} INFO - Spark session created !
[2024-12-26T10:31:30.184+0000] {logging_mixin.py:190} INFO - +--------+--------+-----------+--------------------+
|    type|severity|alert_count|        descriptions|
+--------+--------+-----------+--------------------+
|Low Fuel|     Low|         23|[Fuel level is be...|
|Speeding|  Medium|         19|[Vehicle is over ...|
|Speeding|    High|         19|[Fuel level is be...|
|Speeding|     Low|         11|[Fuel level is be...|
|Low Fuel|    High|         14|[Fuel level is be...|
|Low Fuel|  Medium|         14|[Fuel level is be...|
+--------+--------+-----------+--------------------+
[2024-12-26T10:31:34.786+0000] {python.py:240} INFO - Done. Returned value was: /tmp/alerts_summary
[2024-12-26T10:31:35.162+0000] {taskinstance.py:340} INFO - ::group::Post task execution logs
[2024-12-26T10:31:35.175+0000] {taskinstance.py:352} INFO - Marking task as SUCCESS. dag_id=vehicule_data_processing, task_id=transform_vehicule_alerts, run_id=scheduled__2024-12-25T00:00:00+00:00, execution_date=20241225T000000, start_date=20241226T103036, end_date=20241226T103135
[2024-12-26T10:31:35.834+0000] {local_task_job_runner.py:266} INFO - Task exited with return code 0
[2024-12-26T10:31:35.959+0000] {local_task_job_runner.py:245} INFO - ::endgroup::
