[2024-12-26T09:37:56.793+0000] {local_task_job_runner.py:123} INFO - ::group::Pre task execution logs
[2024-12-26T09:37:56.831+0000] {taskinstance.py:2613} INFO - Dependencies all met for dep_context=non-requeueable deps ti=<TaskInstance: vehicle_data_etl_pipeline.transform_traffic_analysis manual__2024-12-26T09:36:45.964994+00:00 [queued]>
[2024-12-26T09:37:56.852+0000] {taskinstance.py:2613} INFO - Dependencies all met for dep_context=requeueable deps ti=<TaskInstance: vehicle_data_etl_pipeline.transform_traffic_analysis manual__2024-12-26T09:36:45.964994+00:00 [queued]>
[2024-12-26T09:37:56.854+0000] {taskinstance.py:2866} INFO - Starting attempt 1 of 1
[2024-12-26T09:37:56.881+0000] {taskinstance.py:2889} INFO - Executing <Task(_PythonDecoratedOperator): transform_traffic_analysis> on 2024-12-26 09:36:45.964994+00:00
[2024-12-26T09:37:56.892+0000] {standard_task_runner.py:72} INFO - Started process 6399 to run task
[2024-12-26T09:37:56.898+0000] {standard_task_runner.py:104} INFO - Running: ['***', 'tasks', 'run', 'vehicle_data_etl_pipeline', 'transform_traffic_analysis', 'manual__2024-12-26T09:36:45.964994+00:00', '--job-id', '30', '--raw', '--subdir', 'DAGS_FOLDER/batchVehiculeProcessing.py', '--cfg-path', '/tmp/tmp2_r1_wgi']
[2024-12-26T09:37:56.905+0000] {standard_task_runner.py:105} INFO - Job 30: Subtask transform_traffic_analysis
[2024-12-26T09:37:57.011+0000] {task_command.py:467} INFO - Running <TaskInstance: vehicle_data_etl_pipeline.transform_traffic_analysis manual__2024-12-26T09:36:45.964994+00:00 [running]> on host 3096e710f899
[2024-12-26T09:37:57.203+0000] {taskinstance.py:3132} INFO - Exporting env vars: AIRFLOW_CTX_DAG_OWNER='***' AIRFLOW_CTX_DAG_ID='vehicle_data_etl_pipeline' AIRFLOW_CTX_TASK_ID='transform_traffic_analysis' AIRFLOW_CTX_EXECUTION_DATE='2024-12-26T09:36:45.964994+00:00' AIRFLOW_CTX_TRY_NUMBER='1' AIRFLOW_CTX_DAG_RUN_ID='manual__2024-12-26T09:36:45.964994+00:00'
[2024-12-26T09:37:57.206+0000] {taskinstance.py:731} INFO - ::endgroup::
[2024-12-26T09:38:14.011+0000] {logging_mixin.py:190} INFO - Spark session created !
[2024-12-26T09:38:34.414+0000] {logging_mixin.py:190} INFO - +-------------------+---------------+--------------+-------------+---------+
|               hour|       district|          city|vehicle_count|avg_speed|
+-------------------+---------------+--------------+-------------+---------+
|2024-04-01 00:00:00|Quan Binh Chanh|TP Ho Chi Minh|            4|    51.01|
|2024-04-01 00:00:00|  Quan Binh Tan|TP Ho Chi Minh|            1|     49.5|
|2024-04-01 00:00:00|         Quan 3|TP Ho Chi Minh|           12|    52.32|
|2024-04-01 00:00:00|        Quan 10|TP Ho Chi Minh|            4|    47.88|
|2024-04-01 00:00:00|         Quan 5|TP Ho Chi Minh|            3|    49.56|
|2024-04-01 00:00:00|   Quan Thu Duc|TP Ho Chi Minh|            1|    50.64|
|2024-04-01 00:00:00|         Quan 6|TP Ho Chi Minh|            1|    46.72|
|2024-04-01 00:00:00| Quan Phu Nhuan|TP Ho Chi Minh|            1|    59.21|
|2024-04-01 00:00:00|    Quan Go Vap|TP Ho Chi Minh|           15|    47.64|
|2024-04-01 00:00:00|         Quan 1|TP Ho Chi Minh|           49|     51.9|
|2024-04-01 00:00:00|Quan Binh Thanh|TP Ho Chi Minh|            6|    52.13|
|2024-04-01 00:00:00|         Quan 2|TP Ho Chi Minh|            3|    53.34|
+-------------------+---------------+--------------+-------------+---------+
[2024-12-26T09:38:36.895+0000] {python.py:240} INFO - Done. Returned value was: /tmp/traffic_analysis
[2024-12-26T09:38:37.013+0000] {taskinstance.py:340} INFO - ::group::Post task execution logs
[2024-12-26T09:38:37.016+0000] {taskinstance.py:352} INFO - Marking task as SUCCESS. dag_id=vehicle_data_etl_pipeline, task_id=transform_traffic_analysis, run_id=manual__2024-12-26T09:36:45.964994+00:00, execution_date=20241226T093645, start_date=20241226T093756, end_date=20241226T093837
[2024-12-26T09:38:37.094+0000] {local_task_job_runner.py:266} INFO - Task exited with return code 0
[2024-12-26T09:38:37.165+0000] {taskinstance.py:3895} INFO - 0 downstream tasks scheduled from follow-on schedule check
[2024-12-26T09:38:37.174+0000] {local_task_job_runner.py:245} INFO - ::endgroup::
