[2024-12-26T10:33:06.734+0000] {local_task_job_runner.py:123} INFO - ::group::Pre task execution logs
[2024-12-26T10:33:06.771+0000] {taskinstance.py:2613} INFO - Dependencies all met for dep_context=non-requeueable deps ti=<TaskInstance: vehicle_data_consumer.consume_data manual__2024-12-26T10:33:02.166337+00:00 [queued]>
[2024-12-26T10:33:06.791+0000] {taskinstance.py:2613} INFO - Dependencies all met for dep_context=requeueable deps ti=<TaskInstance: vehicle_data_consumer.consume_data manual__2024-12-26T10:33:02.166337+00:00 [queued]>
[2024-12-26T10:33:06.793+0000] {taskinstance.py:2866} INFO - Starting attempt 1 of 1
[2024-12-26T10:33:06.834+0000] {taskinstance.py:2889} INFO - Executing <Task(_PythonDecoratedOperator): consume_data> on 2024-12-26 10:33:02.166337+00:00
[2024-12-26T10:33:06.846+0000] {standard_task_runner.py:72} INFO - Started process 2475 to run task
[2024-12-26T10:33:06.853+0000] {standard_task_runner.py:104} INFO - Running: ['***', 'tasks', 'run', 'vehicle_data_consumer', 'consume_data', 'manual__2024-12-26T10:33:02.166337+00:00', '--job-id', '131', '--raw', '--subdir', 'DAGS_FOLDER/vehicle_data_consumer.py', '--cfg-path', '/tmp/tmpuxllsjcq']
[2024-12-26T10:33:06.859+0000] {standard_task_runner.py:105} INFO - Job 131: Subtask consume_data
[2024-12-26T10:33:06.973+0000] {task_command.py:467} INFO - Running <TaskInstance: vehicle_data_consumer.consume_data manual__2024-12-26T10:33:02.166337+00:00 [running]> on host 3096e710f899
[2024-12-26T10:33:07.187+0000] {taskinstance.py:3132} INFO - Exporting env vars: AIRFLOW_CTX_DAG_OWNER='***' AIRFLOW_CTX_DAG_ID='vehicle_data_consumer' AIRFLOW_CTX_TASK_ID='consume_data' AIRFLOW_CTX_EXECUTION_DATE='2024-12-26T10:33:02.166337+00:00' AIRFLOW_CTX_TRY_NUMBER='1' AIRFLOW_CTX_DAG_RUN_ID='manual__2024-12-26T10:33:02.166337+00:00'
[2024-12-26T10:33:07.190+0000] {taskinstance.py:731} INFO - ::endgroup::
[2024-12-26T10:33:07.204+0000] {conn.py:362} INFO - <BrokerConnection node_id=bootstrap-1 host=broker:29092 <connecting> [IPv4 ('172.18.0.9', 29092)]>: connecting to broker:29092 [('172.18.0.9', 29092) IPv4]
[2024-12-26T10:33:07.208+0000] {conn.py:957} INFO - Probing node bootstrap-1 broker version
[2024-12-26T10:33:07.212+0000] {conn.py:393} INFO - <BrokerConnection node_id=bootstrap-1 host=broker:29092 <connecting> [IPv4 ('172.18.0.9', 29092)]>: Connection complete.
[2024-12-26T10:33:07.324+0000] {conn.py:1019} INFO - Broker version identified as 2.6.0
[2024-12-26T10:33:07.327+0000] {conn.py:1020} INFO - Set configuration api_version=(2, 6, 0) to skip auto check_version requests on startup
[2024-12-26T10:33:07.337+0000] {subscription_state.py:167} INFO - Updating subscribed topics to: ('sensor_data',)
[2024-12-26T10:33:07.347+0000] {conn.py:362} INFO - <BrokerConnection node_id=bootstrap-0 host=localhost:9092 <connecting> [IPv6 ('::1', 9092, 0, 0)]>: connecting to localhost:9092 [('::1', 9092, 0, 0) IPv6]
[2024-12-26T10:33:07.351+0000] {conn.py:402} ERROR - Connect attempt to <BrokerConnection node_id=bootstrap-0 host=localhost:9092 <connecting> [IPv6 ('::1', 9092, 0, 0)]> returned error 111. Disconnecting.
[2024-12-26T10:33:07.353+0000] {conn.py:673} ERROR - <BrokerConnection node_id=bootstrap-0 host=localhost:9092 <connecting> [IPv6 ('::1', 9092, 0, 0)]>: Closing connection. KafkaConnectionError: 111 ECONNREFUSED
[2024-12-26T10:33:07.356+0000] {cluster.py:367} INFO - Group coordinator for vehicle_data_consumer is ('coordinator-1', 'broker', 29092, None)
[2024-12-26T10:33:07.359+0000] {base.py:748} INFO - Discovered coordinator coordinator-1 for group vehicle_data_consumer
[2024-12-26T10:33:07.362+0000] {base.py:796} INFO - Starting new heartbeat thread
[2024-12-26T10:33:07.366+0000] {consumer.py:357} INFO - Revoking previously assigned partitions () for group vehicle_data_consumer
[2024-12-26T10:33:07.369+0000] {conn.py:362} INFO - <BrokerConnection node_id=coordinator-1 host=broker:29092 <connecting> [IPv4 ('172.18.0.9', 29092)]>: connecting to broker:29092 [('172.18.0.9', 29092) IPv4]
[2024-12-26T10:33:07.374+0000] {conn.py:393} INFO - <BrokerConnection node_id=coordinator-1 host=broker:29092 <connecting> [IPv4 ('172.18.0.9', 29092)]>: Connection complete.
[2024-12-26T10:33:07.377+0000] {conn.py:673} INFO - <BrokerConnection node_id=bootstrap-1 host=broker:29092 <connected> [IPv4 ('172.18.0.9', 29092)]>: Closing connection. 
[2024-12-26T10:33:07.481+0000] {base.py:459} INFO - (Re-)joining group vehicle_data_consumer
[2024-12-26T10:33:07.486+0000] {conn.py:362} INFO - <BrokerConnection node_id=bootstrap-1 host=broker:29092 <connecting> [IPv4 ('172.18.0.9', 29092)]>: connecting to broker:29092 [('172.18.0.9', 29092) IPv4]
[2024-12-26T10:33:07.489+0000] {conn.py:393} INFO - <BrokerConnection node_id=bootstrap-1 host=broker:29092 <connecting> [IPv4 ('172.18.0.9', 29092)]>: Connection complete.
[2024-12-26T10:33:07.517+0000] {base.py:344} INFO - Successfully joined group vehicle_data_consumer with generation 1
[2024-12-26T10:33:07.519+0000] {subscription_state.py:253} INFO - Updated partition assignment: []
[2024-12-26T10:33:07.521+0000] {consumer.py:249} INFO - Setting newly assigned partitions () for group vehicle_data_consumer
[2024-12-26T10:33:10.539+0000] {base.py:904} WARNING - Heartbeat failed for group vehicle_data_consumer because it is rebalancing
[2024-12-26T10:33:10.542+0000] {consumer.py:357} INFO - Revoking previously assigned partitions () for group vehicle_data_consumer
[2024-12-26T10:33:10.544+0000] {base.py:459} INFO - (Re-)joining group vehicle_data_consumer
[2024-12-26T10:33:10.563+0000] {base.py:344} INFO - Successfully joined group vehicle_data_consumer with generation 2
[2024-12-26T10:33:10.566+0000] {subscription_state.py:253} INFO - Updated partition assignment: [('sensor_data', 0)]
[2024-12-26T10:33:10.574+0000] {consumer.py:249} INFO - Setting newly assigned partitions (('sensor_data', 0),) for group vehicle_data_consumer
[2024-12-26T10:33:10.605+0000] {conn.py:362} INFO - <BrokerConnection node_id=1 host=broker:29092 <connecting> [IPv4 ('172.18.0.9', 29092)]>: connecting to broker:29092 [('172.18.0.9', 29092) IPv4]
[2024-12-26T10:33:10.609+0000] {conn.py:393} INFO - <BrokerConnection node_id=1 host=broker:29092 <connecting> [IPv4 ('172.18.0.9', 29092)]>: Connection complete.
[2024-12-26T10:33:10.612+0000] {conn.py:673} INFO - <BrokerConnection node_id=bootstrap-1 host=broker:29092 <connected> [IPv4 ('172.18.0.9', 29092)]>: Closing connection. 
[2024-12-26T10:33:10.786+0000] {logging_mixin.py:190} INFO - Consumed record from Kafka: {'vehicle_id': 'VH23418', 'owner': {'name': 'Nguyen Van L', 'license_number': '91A-99044', 'contact_info': {'phone': '+849129533722', 'email': 'nguyen van j@example.com'}}, 'speed_kmph': 58.968485888881574, 'road': {'street': 'Duong Cach Mang Thang Tam', 'district': 'Quan 3', 'city': 'TP Ho Chi Minh'}, 'timestamp': '2024-04-01 00:00:00', 'vehicle_size': {'length_meters': 2.194526621348187, 'width_meters': 0.7129273918209509, 'height_meters': 1.134440422658781}, 'vehicle_type': 'Motorbike', 'vehicle_classification': 'Civilian', 'coordinates': {'latitude': 10.767187972712605, 'longitude': 106.67092667652287}, 'engine_status': {'is_running': True, 'rpm': 2504, 'oil_pressure': 'Normal'}, 'fuel_level_percentage': 72, 'passenger_count': 5, 'internal_temperature_celsius': 28.35848249735346, 'weather_condition': {'temperature_celsius': 32.26467608456345, 'humidity_percentage': 59.98753156458649, 'condition': 'Clear'}, 'estimated_time_of_arrival': {'destination': {'street': 'Cau Sai Gon', 'district': 'Quan 5', 'city': 'TP Ho Chi Minh'}, 'eta': '2024-04-01 01:03:00'}, 'traffic_status': {'congestion_level': 'Low', 'estimated_delay_minutes': 0}, 'alerts': [{'type': 'Speeding', 'description': 'Fuel level is below 20%', 'severity': 'Medium', 'timestamp': '2024-03-31 23:51:00'}]}
[2024-12-26T10:33:10.790+0000] {vehicle_data_consumer.py:25} INFO - Consumed record: {'vehicle_id': 'VH23418', 'owner': {'name': 'Nguyen Van L', 'license_number': '91A-99044', 'contact_info': {'phone': '+849129533722', 'email': 'nguyen van j@example.com'}}, 'speed_kmph': 58.968485888881574, 'road': {'street': 'Duong Cach Mang Thang Tam', 'district': 'Quan 3', 'city': 'TP Ho Chi Minh'}, 'timestamp': '2024-04-01 00:00:00', 'vehicle_size': {'length_meters': 2.194526621348187, 'width_meters': 0.7129273918209509, 'height_meters': 1.134440422658781}, 'vehicle_type': 'Motorbike', 'vehicle_classification': 'Civilian', 'coordinates': {'latitude': 10.767187972712605, 'longitude': 106.67092667652287}, 'engine_status': {'is_running': True, 'rpm': 2504, 'oil_pressure': 'Normal'}, 'fuel_level_percentage': 72, 'passenger_count': 5, 'internal_temperature_celsius': 28.35848249735346, 'weather_condition': {'temperature_celsius': 32.26467608456345, 'humidity_percentage': 59.98753156458649, 'condition': 'Clear'}, 'estimated_time_of_arrival': {'destination': {'street': 'Cau Sai Gon', 'district': 'Quan 5', 'city': 'TP Ho Chi Minh'}, 'eta': '2024-04-01 01:03:00'}, 'traffic_status': {'congestion_level': 'Low', 'estimated_delay_minutes': 0}, 'alerts': [{'type': 'Speeding', 'description': 'Fuel level is below 20%', 'severity': 'Medium', 'timestamp': '2024-03-31 23:51:00'}]}
[2024-12-26T10:33:11.794+0000] {logging_mixin.py:190} INFO - Consumed record from Kafka: {'vehicle_id': 'VH23418', 'owner': {'name': 'Nguyen Van L', 'license_number': '91A-99044', 'contact_info': {'phone': '+849129533722', 'email': 'nguyen van j@example.com'}}, 'speed_kmph': 58.968485888881574, 'road': {'street': 'Duong Cach Mang Thang Tam', 'district': 'Quan 3', 'city': 'TP Ho Chi Minh'}, 'timestamp': '2024-04-01 00:00:00', 'vehicle_size': {'length_meters': 2.194526621348187, 'width_meters': 0.7129273918209509, 'height_meters': 1.134440422658781}, 'vehicle_type': 'Motorbike', 'vehicle_classification': 'Civilian', 'coordinates': {'latitude': 10.767187972712605, 'longitude': 106.67092667652287}, 'engine_status': {'is_running': True, 'rpm': 2504, 'oil_pressure': 'Normal'}, 'fuel_level_percentage': 72, 'passenger_count': 5, 'internal_temperature_celsius': 28.35848249735346, 'weather_condition': {'temperature_celsius': 32.26467608456345, 'humidity_percentage': 59.98753156458649, 'condition': 'Clear'}, 'estimated_time_of_arrival': {'destination': {'street': 'Cau Sai Gon', 'district': 'Quan 5', 'city': 'TP Ho Chi Minh'}, 'eta': '2024-04-01 01:03:00'}, 'traffic_status': {'congestion_level': 'Low', 'estimated_delay_minutes': 0}, 'alerts': [{'type': 'Speeding', 'description': 'Fuel level is below 20%', 'severity': 'Medium', 'timestamp': '2024-03-31 23:51:00'}]}
[2024-12-26T10:33:11.797+0000] {vehicle_data_consumer.py:25} INFO - Consumed record: {'vehicle_id': 'VH23418', 'owner': {'name': 'Nguyen Van L', 'license_number': '91A-99044', 'contact_info': {'phone': '+849129533722', 'email': 'nguyen van j@example.com'}}, 'speed_kmph': 58.968485888881574, 'road': {'street': 'Duong Cach Mang Thang Tam', 'district': 'Quan 3', 'city': 'TP Ho Chi Minh'}, 'timestamp': '2024-04-01 00:00:00', 'vehicle_size': {'length_meters': 2.194526621348187, 'width_meters': 0.7129273918209509, 'height_meters': 1.134440422658781}, 'vehicle_type': 'Motorbike', 'vehicle_classification': 'Civilian', 'coordinates': {'latitude': 10.767187972712605, 'longitude': 106.67092667652287}, 'engine_status': {'is_running': True, 'rpm': 2504, 'oil_pressure': 'Normal'}, 'fuel_level_percentage': 72, 'passenger_count': 5, 'internal_temperature_celsius': 28.35848249735346, 'weather_condition': {'temperature_celsius': 32.26467608456345, 'humidity_percentage': 59.98753156458649, 'condition': 'Clear'}, 'estimated_time_of_arrival': {'destination': {'street': 'Cau Sai Gon', 'district': 'Quan 5', 'city': 'TP Ho Chi Minh'}, 'eta': '2024-04-01 01:03:00'}, 'traffic_status': {'congestion_level': 'Low', 'estimated_delay_minutes': 0}, 'alerts': [{'type': 'Speeding', 'description': 'Fuel level is below 20%', 'severity': 'Medium', 'timestamp': '2024-03-31 23:51:00'}]}
[2024-12-26T10:33:12.801+0000] {logging_mixin.py:190} INFO - Consumed record from Kafka: {'vehicle_id': 'VH88153', 'owner': {'name': 'Nguyen Van J', 'license_number': '97A-19016', 'contact_info': {'phone': '+849730470904', 'email': 'nguyen van l@example.com'}}, 'speed_kmph': 42.869912336892206, 'road': {'street': 'Nguyen Van Cu', 'district': 'Quan Binh Chanh', 'city': 'TP Ho Chi Minh'}, 'timestamp': '2024-04-01 00:00:00', 'vehicle_size': {'length_meters': 1.8434918156208582, 'width_meters': 0.7450897860635772, 'height_meters': 1.1159131660783148}, 'vehicle_type': 'Motorbike', 'vehicle_classification': 'Civilian', 'coordinates': {'latitude': 10.78053252175154, 'longitude': 106.693780912283}, 'engine_status': {'is_running': True, 'rpm': 2934, 'oil_pressure': 'Normal'}, 'fuel_level_percentage': 80, 'passenger_count': 3, 'internal_temperature_celsius': 29.79831923090065, 'weather_condition': {'temperature_celsius': 32.997452222638366, 'humidity_percentage': 76.28062939640999, 'condition': 'Clear'}, 'estimated_time_of_arrival': {'destination': {'street': 'Duong Dien Bien Phu', 'district': 'Quan Binh Tan', 'city': 'TP Ho Chi Minh'}, 'eta': '2024-04-01 01:21:00'}, 'traffic_status': {'congestion_level': 'Low', 'estimated_delay_minutes': 0}, 'alerts': [{'type': 'Speeding', 'description': 'Vehicle is over the speed limit by 10 km/h', 'severity': 'High', 'timestamp': '2024-03-31 23:57:00'}]}
[2024-12-26T10:33:12.804+0000] {vehicle_data_consumer.py:25} INFO - Consumed record: {'vehicle_id': 'VH88153', 'owner': {'name': 'Nguyen Van J', 'license_number': '97A-19016', 'contact_info': {'phone': '+849730470904', 'email': 'nguyen van l@example.com'}}, 'speed_kmph': 42.869912336892206, 'road': {'street': 'Nguyen Van Cu', 'district': 'Quan Binh Chanh', 'city': 'TP Ho Chi Minh'}, 'timestamp': '2024-04-01 00:00:00', 'vehicle_size': {'length_meters': 1.8434918156208582, 'width_meters': 0.7450897860635772, 'height_meters': 1.1159131660783148}, 'vehicle_type': 'Motorbike', 'vehicle_classification': 'Civilian', 'coordinates': {'latitude': 10.78053252175154, 'longitude': 106.693780912283}, 'engine_status': {'is_running': True, 'rpm': 2934, 'oil_pressure': 'Normal'}, 'fuel_level_percentage': 80, 'passenger_count': 3, 'internal_temperature_celsius': 29.79831923090065, 'weather_condition': {'temperature_celsius': 32.997452222638366, 'humidity_percentage': 76.28062939640999, 'condition': 'Clear'}, 'estimated_time_of_arrival': {'destination': {'street': 'Duong Dien Bien Phu', 'district': 'Quan Binh Tan', 'city': 'TP Ho Chi Minh'}, 'eta': '2024-04-01 01:21:00'}, 'traffic_status': {'congestion_level': 'Low', 'estimated_delay_minutes': 0}, 'alerts': [{'type': 'Speeding', 'description': 'Vehicle is over the speed limit by 10 km/h', 'severity': 'High', 'timestamp': '2024-03-31 23:57:00'}]}
[2024-12-26T10:33:13.806+0000] {logging_mixin.py:190} INFO - Consumed record from Kafka: {'vehicle_id': 'VH88153', 'owner': {'name': 'Nguyen Van J', 'license_number': '97A-19016', 'contact_info': {'phone': '+849730470904', 'email': 'nguyen van l@example.com'}}, 'speed_kmph': 42.869912336892206, 'road': {'street': 'Nguyen Van Cu', 'district': 'Quan Binh Chanh', 'city': 'TP Ho Chi Minh'}, 'timestamp': '2024-04-01 00:00:00', 'vehicle_size': {'length_meters': 1.8434918156208582, 'width_meters': 0.7450897860635772, 'height_meters': 1.1159131660783148}, 'vehicle_type': 'Motorbike', 'vehicle_classification': 'Civilian', 'coordinates': {'latitude': 10.78053252175154, 'longitude': 106.693780912283}, 'engine_status': {'is_running': True, 'rpm': 2934, 'oil_pressure': 'Normal'}, 'fuel_level_percentage': 80, 'passenger_count': 3, 'internal_temperature_celsius': 29.79831923090065, 'weather_condition': {'temperature_celsius': 32.997452222638366, 'humidity_percentage': 76.28062939640999, 'condition': 'Clear'}, 'estimated_time_of_arrival': {'destination': {'street': 'Duong Dien Bien Phu', 'district': 'Quan Binh Tan', 'city': 'TP Ho Chi Minh'}, 'eta': '2024-04-01 01:21:00'}, 'traffic_status': {'congestion_level': 'Low', 'estimated_delay_minutes': 0}, 'alerts': [{'type': 'Speeding', 'description': 'Vehicle is over the speed limit by 10 km/h', 'severity': 'High', 'timestamp': '2024-03-31 23:57:00'}]}
[2024-12-26T10:33:13.820+0000] {vehicle_data_consumer.py:25} INFO - Consumed record: {'vehicle_id': 'VH88153', 'owner': {'name': 'Nguyen Van J', 'license_number': '97A-19016', 'contact_info': {'phone': '+849730470904', 'email': 'nguyen van l@example.com'}}, 'speed_kmph': 42.869912336892206, 'road': {'street': 'Nguyen Van Cu', 'district': 'Quan Binh Chanh', 'city': 'TP Ho Chi Minh'}, 'timestamp': '2024-04-01 00:00:00', 'vehicle_size': {'length_meters': 1.8434918156208582, 'width_meters': 0.7450897860635772, 'height_meters': 1.1159131660783148}, 'vehicle_type': 'Motorbike', 'vehicle_classification': 'Civilian', 'coordinates': {'latitude': 10.78053252175154, 'longitude': 106.693780912283}, 'engine_status': {'is_running': True, 'rpm': 2934, 'oil_pressure': 'Normal'}, 'fuel_level_percentage': 80, 'passenger_count': 3, 'internal_temperature_celsius': 29.79831923090065, 'weather_condition': {'temperature_celsius': 32.997452222638366, 'humidity_percentage': 76.28062939640999, 'condition': 'Clear'}, 'estimated_time_of_arrival': {'destination': {'street': 'Duong Dien Bien Phu', 'district': 'Quan Binh Tan', 'city': 'TP Ho Chi Minh'}, 'eta': '2024-04-01 01:21:00'}, 'traffic_status': {'congestion_level': 'Low', 'estimated_delay_minutes': 0}, 'alerts': [{'type': 'Speeding', 'description': 'Vehicle is over the speed limit by 10 km/h', 'severity': 'High', 'timestamp': '2024-03-31 23:57:00'}]}
[2024-12-26T10:33:14.829+0000] {logging_mixin.py:190} INFO - Consumed record from Kafka: {'vehicle_id': 'VH62276', 'owner': {'name': 'Nguyen Van F', 'license_number': '73A-78419', 'contact_info': {'phone': '+849448810378', 'email': 'nguyen van m@example.com'}}, 'speed_kmph': 57.6454265483095, 'road': {'street': 'Duong Cach Mang Thang Tam', 'district': 'Quan 3', 'city': 'TP Ho Chi Minh'}, 'timestamp': '2024-04-01 00:00:00', 'vehicle_size': {'length_meters': 2.1797451173226574, 'width_meters': 0.7827951964823195, 'height_meters': 1.1315106372260098}, 'vehicle_type': 'Motorbike', 'vehicle_classification': 'Civilian', 'coordinates': {'latitude': 10.787085489102362, 'longitude': 106.6982362686077}, 'engine_status': {'is_running': True, 'rpm': 3770, 'oil_pressure': 'Normal'}, 'fuel_level_percentage': 86, 'passenger_count': 4, 'internal_temperature_celsius': 29.479931544021994, 'weather_condition': {'temperature_celsius': 28.113722481126153, 'humidity_percentage': 59.53345755739827, 'condition': 'Clear'}, 'estimated_time_of_arrival': {'destination': {'street': 'Duong Le Loi', 'district': 'Quan 3', 'city': 'TP Ho Chi Minh'}, 'eta': '2024-04-01 01:30:00'}, 'traffic_status': {'congestion_level': 'Moderate', 'estimated_delay_minutes': 1}, 'alerts': [{'type': 'Speeding', 'description': 'Vehicle is over the speed limit by 10 km/h', 'severity': 'Low', 'timestamp': '2024-03-31 23:51:00'}]}
[2024-12-26T10:33:14.831+0000] {vehicle_data_consumer.py:25} INFO - Consumed record: {'vehicle_id': 'VH62276', 'owner': {'name': 'Nguyen Van F', 'license_number': '73A-78419', 'contact_info': {'phone': '+849448810378', 'email': 'nguyen van m@example.com'}}, 'speed_kmph': 57.6454265483095, 'road': {'street': 'Duong Cach Mang Thang Tam', 'district': 'Quan 3', 'city': 'TP Ho Chi Minh'}, 'timestamp': '2024-04-01 00:00:00', 'vehicle_size': {'length_meters': 2.1797451173226574, 'width_meters': 0.7827951964823195, 'height_meters': 1.1315106372260098}, 'vehicle_type': 'Motorbike', 'vehicle_classification': 'Civilian', 'coordinates': {'latitude': 10.787085489102362, 'longitude': 106.6982362686077}, 'engine_status': {'is_running': True, 'rpm': 3770, 'oil_pressure': 'Normal'}, 'fuel_level_percentage': 86, 'passenger_count': 4, 'internal_temperature_celsius': 29.479931544021994, 'weather_condition': {'temperature_celsius': 28.113722481126153, 'humidity_percentage': 59.53345755739827, 'condition': 'Clear'}, 'estimated_time_of_arrival': {'destination': {'street': 'Duong Le Loi', 'district': 'Quan 3', 'city': 'TP Ho Chi Minh'}, 'eta': '2024-04-01 01:30:00'}, 'traffic_status': {'congestion_level': 'Moderate', 'estimated_delay_minutes': 1}, 'alerts': [{'type': 'Speeding', 'description': 'Vehicle is over the speed limit by 10 km/h', 'severity': 'Low', 'timestamp': '2024-03-31 23:51:00'}]}
[2024-12-26T10:33:15.834+0000] {logging_mixin.py:190} INFO - Consumed record from Kafka: {'vehicle_id': 'VH62276', 'owner': {'name': 'Nguyen Van F', 'license_number': '73A-78419', 'contact_info': {'phone': '+849448810378', 'email': 'nguyen van m@example.com'}}, 'speed_kmph': 57.6454265483095, 'road': {'street': 'Duong Cach Mang Thang Tam', 'district': 'Quan 3', 'city': 'TP Ho Chi Minh'}, 'timestamp': '2024-04-01 00:00:00', 'vehicle_size': {'length_meters': 2.1797451173226574, 'width_meters': 0.7827951964823195, 'height_meters': 1.1315106372260098}, 'vehicle_type': 'Motorbike', 'vehicle_classification': 'Civilian', 'coordinates': {'latitude': 10.787085489102362, 'longitude': 106.6982362686077}, 'engine_status': {'is_running': True, 'rpm': 3770, 'oil_pressure': 'Normal'}, 'fuel_level_percentage': 86, 'passenger_count': 4, 'internal_temperature_celsius': 29.479931544021994, 'weather_condition': {'temperature_celsius': 28.113722481126153, 'humidity_percentage': 59.53345755739827, 'condition': 'Clear'}, 'estimated_time_of_arrival': {'destination': {'street': 'Duong Le Loi', 'district': 'Quan 3', 'city': 'TP Ho Chi Minh'}, 'eta': '2024-04-01 01:30:00'}, 'traffic_status': {'congestion_level': 'Moderate', 'estimated_delay_minutes': 1}, 'alerts': [{'type': 'Speeding', 'description': 'Vehicle is over the speed limit by 10 km/h', 'severity': 'Low', 'timestamp': '2024-03-31 23:51:00'}]}
[2024-12-26T10:33:15.836+0000] {vehicle_data_consumer.py:25} INFO - Consumed record: {'vehicle_id': 'VH62276', 'owner': {'name': 'Nguyen Van F', 'license_number': '73A-78419', 'contact_info': {'phone': '+849448810378', 'email': 'nguyen van m@example.com'}}, 'speed_kmph': 57.6454265483095, 'road': {'street': 'Duong Cach Mang Thang Tam', 'district': 'Quan 3', 'city': 'TP Ho Chi Minh'}, 'timestamp': '2024-04-01 00:00:00', 'vehicle_size': {'length_meters': 2.1797451173226574, 'width_meters': 0.7827951964823195, 'height_meters': 1.1315106372260098}, 'vehicle_type': 'Motorbike', 'vehicle_classification': 'Civilian', 'coordinates': {'latitude': 10.787085489102362, 'longitude': 106.6982362686077}, 'engine_status': {'is_running': True, 'rpm': 3770, 'oil_pressure': 'Normal'}, 'fuel_level_percentage': 86, 'passenger_count': 4, 'internal_temperature_celsius': 29.479931544021994, 'weather_condition': {'temperature_celsius': 28.113722481126153, 'humidity_percentage': 59.53345755739827, 'condition': 'Clear'}, 'estimated_time_of_arrival': {'destination': {'street': 'Duong Le Loi', 'district': 'Quan 3', 'city': 'TP Ho Chi Minh'}, 'eta': '2024-04-01 01:30:00'}, 'traffic_status': {'congestion_level': 'Moderate', 'estimated_delay_minutes': 1}, 'alerts': [{'type': 'Speeding', 'description': 'Vehicle is over the speed limit by 10 km/h', 'severity': 'Low', 'timestamp': '2024-03-31 23:51:00'}]}
[2024-12-26T10:33:16.839+0000] {logging_mixin.py:190} INFO - Consumed record from Kafka: {'vehicle_id': 'VH13624', 'owner': {'name': 'Nguyen Van T', 'license_number': '55A-49056', 'contact_info': {'phone': '+849107601023', 'email': 'nguyen van j@example.com'}}, 'speed_kmph': 47.19331446375638, 'road': {'street': 'Nam Ky Khoi Nghia', 'district': 'Quan Go Vap', 'city': 'TP Ho Chi Minh'}, 'timestamp': '2024-04-01 00:00:00', 'vehicle_size': {'length_meters': 2.1411075149126786, 'width_meters': 0.8876207331694053, 'height_meters': 1.2028085206969863}, 'vehicle_type': 'Motorbike', 'vehicle_classification': 'Service', 'coordinates': {'latitude': 10.763960779133448, 'longitude': 106.67253082857012}, 'engine_status': {'is_running': True, 'rpm': 1364, 'oil_pressure': 'Normal'}, 'fuel_level_percentage': 23, 'passenger_count': 0, 'internal_temperature_celsius': 23.089108978605147, 'weather_condition': {'temperature_celsius': 33.585379878353585, 'humidity_percentage': 60.16170384772572, 'condition': 'Clear'}, 'estimated_time_of_arrival': {'destination': {'street': 'Nguyen Tat Thanh', 'district': 'Quan 6', 'city': 'TP Ho Chi Minh'}, 'eta': '2024-04-01 00:37:00'}, 'traffic_status': {'congestion_level': 'Low', 'estimated_delay_minutes': 4}, 'alerts': [{'type': 'Speeding', 'description': 'Fuel level is below 20%', 'severity': 'Low', 'timestamp': '2024-03-31 23:52:00'}]}
[2024-12-26T10:33:16.841+0000] {vehicle_data_consumer.py:25} INFO - Consumed record: {'vehicle_id': 'VH13624', 'owner': {'name': 'Nguyen Van T', 'license_number': '55A-49056', 'contact_info': {'phone': '+849107601023', 'email': 'nguyen van j@example.com'}}, 'speed_kmph': 47.19331446375638, 'road': {'street': 'Nam Ky Khoi Nghia', 'district': 'Quan Go Vap', 'city': 'TP Ho Chi Minh'}, 'timestamp': '2024-04-01 00:00:00', 'vehicle_size': {'length_meters': 2.1411075149126786, 'width_meters': 0.8876207331694053, 'height_meters': 1.2028085206969863}, 'vehicle_type': 'Motorbike', 'vehicle_classification': 'Service', 'coordinates': {'latitude': 10.763960779133448, 'longitude': 106.67253082857012}, 'engine_status': {'is_running': True, 'rpm': 1364, 'oil_pressure': 'Normal'}, 'fuel_level_percentage': 23, 'passenger_count': 0, 'internal_temperature_celsius': 23.089108978605147, 'weather_condition': {'temperature_celsius': 33.585379878353585, 'humidity_percentage': 60.16170384772572, 'condition': 'Clear'}, 'estimated_time_of_arrival': {'destination': {'street': 'Nguyen Tat Thanh', 'district': 'Quan 6', 'city': 'TP Ho Chi Minh'}, 'eta': '2024-04-01 00:37:00'}, 'traffic_status': {'congestion_level': 'Low', 'estimated_delay_minutes': 4}, 'alerts': [{'type': 'Speeding', 'description': 'Fuel level is below 20%', 'severity': 'Low', 'timestamp': '2024-03-31 23:52:00'}]}
[2024-12-26T10:33:17.013+0000] {local_task_job_runner.py:346} WARNING - State of this instance has been externally set to None. Terminating instance.
[2024-12-26T10:33:17.017+0000] {local_task_job_runner.py:245} INFO - ::endgroup::
[2024-12-26T10:33:17.022+0000] {process_utils.py:132} INFO - Sending 15 to group 2475. PIDs of all processes in the group: [2475]
[2024-12-26T10:33:17.024+0000] {process_utils.py:87} INFO - Sending the signal 15 to group 2475
[2024-12-26T10:33:17.026+0000] {taskinstance.py:3093} ERROR - Received SIGTERM. Terminating subprocesses.
[2024-12-26T10:33:17.045+0000] {taskinstance.py:3311} ERROR - Task failed with exception
Traceback (most recent call last):
  File "/home/airflow/.local/lib/python3.11/site-packages/airflow/models/taskinstance.py", line 762, in _execute_task
    result = _execute_callable(context=context, **execute_callable_kwargs)
             ^^^^^^^^^^^^^^^^^^^^^^^^^^^^^^^^^^^^^^^^^^^^^^^^^^^^^^^^^^^^^
  File "/home/airflow/.local/lib/python3.11/site-packages/airflow/models/taskinstance.py", line 733, in _execute_callable
    return ExecutionCallableRunner(
           ^^^^^^^^^^^^^^^^^^^^^^^^
  File "/home/airflow/.local/lib/python3.11/site-packages/airflow/utils/operator_helpers.py", line 252, in run
    return self.func(*args, **kwargs)
           ^^^^^^^^^^^^^^^^^^^^^^^^^^
  File "/home/airflow/.local/lib/python3.11/site-packages/airflow/models/baseoperator.py", line 417, in wrapper
    return func(self, *args, **kwargs)
           ^^^^^^^^^^^^^^^^^^^^^^^^^^^
  File "/home/airflow/.local/lib/python3.11/site-packages/airflow/decorators/base.py", line 266, in execute
    return_value = super().execute(context)
                   ^^^^^^^^^^^^^^^^^^^^^^^^
  File "/home/airflow/.local/lib/python3.11/site-packages/airflow/models/baseoperator.py", line 417, in wrapper
    return func(self, *args, **kwargs)
           ^^^^^^^^^^^^^^^^^^^^^^^^^^^
  File "/home/airflow/.local/lib/python3.11/site-packages/airflow/operators/python.py", line 238, in execute
    return_value = self.execute_callable()
                   ^^^^^^^^^^^^^^^^^^^^^^^
  File "/home/airflow/.local/lib/python3.11/site-packages/airflow/operators/python.py", line 256, in execute_callable
    return runner.run(*self.op_args, **self.op_kwargs)
           ^^^^^^^^^^^^^^^^^^^^^^^^^^^^^^^^^^^^^^^^^^^
  File "/home/airflow/.local/lib/python3.11/site-packages/airflow/utils/operator_helpers.py", line 252, in run
    return self.func(*args, **kwargs)
           ^^^^^^^^^^^^^^^^^^^^^^^^^^
  File "/opt/airflow/dags/vehicle_data_consumer.py", line 43, in consume_data
    consume_data_from_kafka()
  File "/opt/airflow/dags/vehicle_data_consumer.py", line 26, in consume_data_from_kafka
    time.sleep(1)
  File "/home/airflow/.local/lib/python3.11/site-packages/airflow/models/taskinstance.py", line 3095, in signal_handler
    raise AirflowTaskTerminated("Task received SIGTERM signal")
airflow.exceptions.AirflowTaskTerminated: Task received SIGTERM signal
[2024-12-26T10:33:17.065+0000] {taskinstance.py:1225} INFO - Marking task as FAILED. dag_id=vehicle_data_consumer, task_id=consume_data, run_id=manual__2024-12-26T10:33:02.166337+00:00, execution_date=20241226T103302, start_date=20241226T103306, end_date=20241226T103317
[2024-12-26T10:33:17.103+0000] {taskinstance.py:340} INFO - ::group::Post task execution logs
[2024-12-26T10:33:17.158+0000] {process_utils.py:80} INFO - Process psutil.Process(pid=2475, status='terminated', exitcode=2, started='10:33:06') (2475) terminated with exit code 2
