[2024-12-26T09:38:43.850+0000] {local_task_job_runner.py:123} INFO - ::group::Pre task execution logs
[2024-12-26T09:38:43.891+0000] {taskinstance.py:2613} INFO - Dependencies all met for dep_context=non-requeueable deps ti=<TaskInstance: vehicle_data_etl_pipeline.load_to_data_warehouse manual__2024-12-26T09:36:45.964994+00:00 [queued]>
[2024-12-26T09:38:43.912+0000] {taskinstance.py:2613} INFO - Dependencies all met for dep_context=requeueable deps ti=<TaskInstance: vehicle_data_etl_pipeline.load_to_data_warehouse manual__2024-12-26T09:36:45.964994+00:00 [queued]>
[2024-12-26T09:38:43.914+0000] {taskinstance.py:2866} INFO - Starting attempt 1 of 1
[2024-12-26T09:38:43.943+0000] {taskinstance.py:2889} INFO - Executing <Task(_PythonDecoratedOperator): load_to_data_warehouse> on 2024-12-26 09:36:45.964994+00:00
[2024-12-26T09:38:43.952+0000] {standard_task_runner.py:72} INFO - Started process 7008 to run task
[2024-12-26T09:38:43.958+0000] {standard_task_runner.py:104} INFO - Running: ['***', 'tasks', 'run', 'vehicle_data_etl_pipeline', 'load_to_data_warehouse', 'manual__2024-12-26T09:36:45.964994+00:00', '--job-id', '32', '--raw', '--subdir', 'DAGS_FOLDER/batchVehiculeProcessing.py', '--cfg-path', '/tmp/tmplrxnvnkt']
[2024-12-26T09:38:43.964+0000] {standard_task_runner.py:105} INFO - Job 32: Subtask load_to_data_warehouse
[2024-12-26T09:38:44.057+0000] {task_command.py:467} INFO - Running <TaskInstance: vehicle_data_etl_pipeline.load_to_data_warehouse manual__2024-12-26T09:36:45.964994+00:00 [running]> on host 3096e710f899
[2024-12-26T09:38:44.269+0000] {taskinstance.py:3132} INFO - Exporting env vars: AIRFLOW_CTX_DAG_OWNER='***' AIRFLOW_CTX_DAG_ID='vehicle_data_etl_pipeline' AIRFLOW_CTX_TASK_ID='load_to_data_warehouse' AIRFLOW_CTX_EXECUTION_DATE='2024-12-26T09:36:45.964994+00:00' AIRFLOW_CTX_TRY_NUMBER='1' AIRFLOW_CTX_DAG_RUN_ID='manual__2024-12-26T09:36:45.964994+00:00'
[2024-12-26T09:38:44.272+0000] {taskinstance.py:731} INFO - ::endgroup::
[2024-12-26T09:38:58.822+0000] {logging_mixin.py:190} INFO - Spark session created !
[2024-12-26T09:39:08.758+0000] {logging_mixin.py:190} INFO - +------------+---------+---------------------+-----------------+-----------+
|vehicle_type|avg_speed|fuel_level_percentage|avg_trip_duration|total_trips|
+------------+---------+---------------------+-----------------+-----------+
|     Bicycle|    52.81|                 NULL|           2480.0|          3|
|         Car|    48.92|                 NULL|           3405.0|         12|
|       Truck|    53.19|                 NULL|           3800.0|          9|
|         Bus|    40.22|                 NULL|           3960.0|          1|
|   Motorbike|    51.26|                 NULL|           3655.0|         75|
+------------+---------+---------------------+-----------------+-----------+
[2024-12-26T09:39:09.381+0000] {logging_mixin.py:190} INFO - +-------------------+---------------+--------------+-------------+---------+
|               hour|       district|          city|vehicle_count|avg_speed|
+-------------------+---------------+--------------+-------------+---------+
|2024-04-01 00:00:00|Quan Binh Chanh|TP Ho Chi Minh|            4|    51.01|
|2024-04-01 00:00:00|  Quan Binh Tan|TP Ho Chi Minh|            1|     49.5|
|2024-04-01 00:00:00|         Quan 3|TP Ho Chi Minh|           12|    52.32|
|2024-04-01 00:00:00|        Quan 10|TP Ho Chi Minh|            4|    47.88|
|2024-04-01 00:00:00|         Quan 5|TP Ho Chi Minh|            3|    49.56|
|2024-04-01 00:00:00|   Quan Thu Duc|TP Ho Chi Minh|            1|    50.64|
|2024-04-01 00:00:00|         Quan 6|TP Ho Chi Minh|            1|    46.72|
|2024-04-01 00:00:00| Quan Phu Nhuan|TP Ho Chi Minh|            1|    59.21|
|2024-04-01 00:00:00|    Quan Go Vap|TP Ho Chi Minh|           15|    47.64|
|2024-04-01 00:00:00|         Quan 1|TP Ho Chi Minh|           49|     51.9|
|2024-04-01 00:00:00|Quan Binh Thanh|TP Ho Chi Minh|            6|    52.13|
|2024-04-01 00:00:00|         Quan 2|TP Ho Chi Minh|            3|    53.34|
+-------------------+---------------+--------------+-------------+---------+
[2024-12-26T09:39:09.383+0000] {logging_mixin.py:190} INFO - Load data to ELK !
[2024-12-26T09:39:09.385+0000] {python.py:240} INFO - Done. Returned value was: None
[2024-12-26T09:39:09.417+0000] {taskinstance.py:340} INFO - ::group::Post task execution logs
[2024-12-26T09:39:09.419+0000] {taskinstance.py:352} INFO - Marking task as SUCCESS. dag_id=vehicle_data_etl_pipeline, task_id=load_to_data_warehouse, run_id=manual__2024-12-26T09:36:45.964994+00:00, execution_date=20241226T093645, start_date=20241226T093843, end_date=20241226T093909
[2024-12-26T09:39:09.472+0000] {local_task_job_runner.py:266} INFO - Task exited with return code 0
[2024-12-26T09:39:09.505+0000] {taskinstance.py:3895} INFO - 0 downstream tasks scheduled from follow-on schedule check
[2024-12-26T09:39:09.529+0000] {local_task_job_runner.py:245} INFO - ::endgroup::
