[2024-12-26T09:11:25.822+0000] {local_task_job_runner.py:123} INFO - ::group::Pre task execution logs
[2024-12-26T09:11:25.897+0000] {taskinstance.py:2613} INFO - Dependencies all met for dep_context=non-requeueable deps ti=<TaskInstance: vehicle_data_etl_pipeline.extract_raw_data manual__2024-12-26T09:11:23.259697+00:00 [queued]>
[2024-12-26T09:11:25.932+0000] {taskinstance.py:2613} INFO - Dependencies all met for dep_context=requeueable deps ti=<TaskInstance: vehicle_data_etl_pipeline.extract_raw_data manual__2024-12-26T09:11:23.259697+00:00 [queued]>
[2024-12-26T09:11:25.937+0000] {taskinstance.py:2866} INFO - Starting attempt 1 of 1
[2024-12-26T09:11:25.999+0000] {taskinstance.py:2889} INFO - Executing <Task(_PythonDecoratedOperator): extract_raw_data> on 2024-12-26 09:11:23.259697+00:00
[2024-12-26T09:11:26.010+0000] {standard_task_runner.py:72} INFO - Started process 2361 to run task
[2024-12-26T09:11:26.029+0000] {standard_task_runner.py:104} INFO - Running: ['***', 'tasks', 'run', 'vehicle_data_etl_pipeline', 'extract_raw_data', 'manual__2024-12-26T09:11:23.259697+00:00', '--job-id', '20', '--raw', '--subdir', 'DAGS_FOLDER/batchVehiculeProcessing.py', '--cfg-path', '/tmp/tmp3vtf2lfp']
[2024-12-26T09:11:26.041+0000] {standard_task_runner.py:105} INFO - Job 20: Subtask extract_raw_data
[2024-12-26T09:11:26.205+0000] {task_command.py:467} INFO - Running <TaskInstance: vehicle_data_etl_pipeline.extract_raw_data manual__2024-12-26T09:11:23.259697+00:00 [running]> on host 3096e710f899
[2024-12-26T09:11:26.569+0000] {taskinstance.py:3132} INFO - Exporting env vars: AIRFLOW_CTX_DAG_OWNER='***' AIRFLOW_CTX_DAG_ID='vehicle_data_etl_pipeline' AIRFLOW_CTX_TASK_ID='extract_raw_data' AIRFLOW_CTX_EXECUTION_DATE='2024-12-26T09:11:23.259697+00:00' AIRFLOW_CTX_TRY_NUMBER='1' AIRFLOW_CTX_DAG_RUN_ID='manual__2024-12-26T09:11:23.259697+00:00'
[2024-12-26T09:11:26.573+0000] {taskinstance.py:731} INFO - ::endgroup::
[2024-12-26T09:11:48.285+0000] {logging_mixin.py:190} INFO - Spark session created !
[2024-12-26T09:11:54.318+0000] {logging_mixin.py:190} INFO - spark df created !
[2024-12-26T09:12:09.722+0000] {logging_mixin.py:190} INFO - +----+--------------------+-----------+---------+------+--------------------+-------------+
| key|               value|      topic|partition|offset|           timestamp|timestampType|
+----+--------------------+-----------+---------+------+--------------------+-------------+
|NULL|[7B 22 76 65 68 6...|sensor_data|        0|     0|2024-12-26 08:54:...|            0|
|NULL|[7B 22 76 65 68 6...|sensor_data|        0|     1|2024-12-26 08:54:...|            0|
|NULL|[7B 22 76 65 68 6...|sensor_data|        0|     2|2024-12-26 08:54:...|            0|
|NULL|[7B 22 76 65 68 6...|sensor_data|        0|     3|2024-12-26 08:54:...|            0|
|NULL|[7B 22 76 65 68 6...|sensor_data|        0|     4|2024-12-26 08:54:...|            0|
|NULL|[7B 22 76 65 68 6...|sensor_data|        0|     5|2024-12-26 08:54:...|            0|
|NULL|[7B 22 76 65 68 6...|sensor_data|        0|     6|2024-12-26 08:54:...|            0|
|NULL|[7B 22 76 65 68 6...|sensor_data|        0|     7|2024-12-26 08:54:...|            0|
|NULL|[7B 22 76 65 68 6...|sensor_data|        0|     8|2024-12-26 08:54:...|            0|
|NULL|[7B 22 76 65 68 6...|sensor_data|        0|     9|2024-12-26 08:54:...|            0|
|NULL|[7B 22 76 65 68 6...|sensor_data|        0|    10|2024-12-26 08:54:...|            0|
|NULL|[7B 22 76 65 68 6...|sensor_data|        0|    11|2024-12-26 08:54:...|            0|
|NULL|[7B 22 76 65 68 6...|sensor_data|        0|    12|2024-12-26 08:54:...|            0|
|NULL|[7B 22 76 65 68 6...|sensor_data|        0|    13|2024-12-26 08:54:...|            0|
|NULL|[7B 22 76 65 68 6...|sensor_data|        0|    14|2024-12-26 08:54:...|            0|
|NULL|[7B 22 76 65 68 6...|sensor_data|        0|    15|2024-12-26 08:54:...|            0|
|NULL|[7B 22 76 65 68 6...|sensor_data|        0|    16|2024-12-26 08:54:...|            0|
|NULL|[7B 22 76 65 68 6...|sensor_data|        0|    17|2024-12-26 08:54:...|            0|
|NULL|[7B 22 76 65 68 6...|sensor_data|        0|    18|2024-12-26 08:54:...|            0|
|NULL|[7B 22 76 65 68 6...|sensor_data|        0|    19|2024-12-26 08:54:...|            0|
+----+--------------------+-----------+---------+------+--------------------+-------------+
only showing top 20 rows
[2024-12-26T09:12:09.729+0000] {logging_mixin.py:190} INFO - None
[2024-12-26T09:12:16.245+0000] {python.py:240} INFO - Done. Returned value was: /tmp/raw_vehicle_data
[2024-12-26T09:12:16.361+0000] {taskinstance.py:340} INFO - ::group::Post task execution logs
[2024-12-26T09:12:16.365+0000] {taskinstance.py:352} INFO - Marking task as SUCCESS. dag_id=vehicle_data_etl_pipeline, task_id=extract_raw_data, run_id=manual__2024-12-26T09:11:23.259697+00:00, execution_date=20241226T091123, start_date=20241226T091125, end_date=20241226T091216
[2024-12-26T09:12:16.452+0000] {local_task_job_runner.py:266} INFO - Task exited with return code 0
[2024-12-26T09:12:16.530+0000] {taskinstance.py:3895} INFO - 1 downstream tasks scheduled from follow-on schedule check
[2024-12-26T09:12:16.535+0000] {local_task_job_runner.py:245} INFO - ::endgroup::
