[2024-12-26T10:29:14.281+0000] {local_task_job_runner.py:123} INFO - ::group::Pre task execution logs
[2024-12-26T10:29:14.328+0000] {taskinstance.py:2613} INFO - Dependencies all met for dep_context=non-requeueable deps ti=<TaskInstance: vehicule_data_processing.extract_raw_data scheduled__2024-12-25T00:00:00+00:00 [queued]>
[2024-12-26T10:29:14.352+0000] {taskinstance.py:2613} INFO - Dependencies all met for dep_context=requeueable deps ti=<TaskInstance: vehicule_data_processing.extract_raw_data scheduled__2024-12-25T00:00:00+00:00 [queued]>
[2024-12-26T10:29:14.355+0000] {taskinstance.py:2866} INFO - Starting attempt 1 of 1
[2024-12-26T10:29:14.393+0000] {taskinstance.py:2889} INFO - Executing <Task(_PythonDecoratedOperator): extract_raw_data> on 2024-12-25 00:00:00+00:00
[2024-12-26T10:29:14.404+0000] {standard_task_runner.py:72} INFO - Started process 381 to run task
[2024-12-26T10:29:14.410+0000] {standard_task_runner.py:104} INFO - Running: ['***', 'tasks', 'run', 'vehicule_data_processing', 'extract_raw_data', 'scheduled__2024-12-25T00:00:00+00:00', '--job-id', '120', '--raw', '--subdir', 'DAGS_FOLDER/batchVehiculeProcessing.py', '--cfg-path', '/tmp/tmpkxa8s723']
[2024-12-26T10:29:14.417+0000] {standard_task_runner.py:105} INFO - Job 120: Subtask extract_raw_data
[2024-12-26T10:29:14.519+0000] {task_command.py:467} INFO - Running <TaskInstance: vehicule_data_processing.extract_raw_data scheduled__2024-12-25T00:00:00+00:00 [running]> on host 3096e710f899
[2024-12-26T10:29:14.786+0000] {taskinstance.py:3132} INFO - Exporting env vars: AIRFLOW_CTX_DAG_OWNER='***' AIRFLOW_CTX_DAG_ID='vehicule_data_processing' AIRFLOW_CTX_TASK_ID='extract_raw_data' AIRFLOW_CTX_EXECUTION_DATE='2024-12-25T00:00:00+00:00' AIRFLOW_CTX_TRY_NUMBER='1' AIRFLOW_CTX_DAG_RUN_ID='scheduled__2024-12-25T00:00:00+00:00'
[2024-12-26T10:29:14.789+0000] {taskinstance.py:731} INFO - ::endgroup::
[2024-12-26T10:29:30.289+0000] {logging_mixin.py:190} INFO - Spark session created !
[2024-12-26T10:29:35.023+0000] {logging_mixin.py:190} INFO - spark df created !
[2024-12-26T10:29:46.873+0000] {logging_mixin.py:190} INFO - +----+--------------------+-----------+---------+------+--------------------+-------------+
| key|               value|      topic|partition|offset|           timestamp|timestampType|
+----+--------------------+-----------+---------+------+--------------------+-------------+
|NULL|[7B 22 76 65 68 6...|sensor_data|        0|     0|2024-12-26 08:54:...|            0|
|NULL|[7B 22 76 65 68 6...|sensor_data|        0|     1|2024-12-26 08:54:...|            0|
|NULL|[7B 22 76 65 68 6...|sensor_data|        0|     2|2024-12-26 08:54:...|            0|
|NULL|[7B 22 76 65 68 6...|sensor_data|        0|     3|2024-12-26 08:54:...|            0|
|NULL|[7B 22 76 65 68 6...|sensor_data|        0|     4|2024-12-26 08:54:...|            0|
|NULL|[7B 22 76 65 68 6...|sensor_data|        0|     5|2024-12-26 08:54:...|            0|
|NULL|[7B 22 76 65 68 6...|sensor_data|        0|     6|2024-12-26 08:54:...|            0|
|NULL|[7B 22 76 65 68 6...|sensor_data|        0|     7|2024-12-26 08:54:...|            0|
|NULL|[7B 22 76 65 68 6...|sensor_data|        0|     8|2024-12-26 08:54:...|            0|
|NULL|[7B 22 76 65 68 6...|sensor_data|        0|     9|2024-12-26 08:54:...|            0|
|NULL|[7B 22 76 65 68 6...|sensor_data|        0|    10|2024-12-26 08:54:...|            0|
|NULL|[7B 22 76 65 68 6...|sensor_data|        0|    11|2024-12-26 08:54:...|            0|
|NULL|[7B 22 76 65 68 6...|sensor_data|        0|    12|2024-12-26 08:54:...|            0|
|NULL|[7B 22 76 65 68 6...|sensor_data|        0|    13|2024-12-26 08:54:...|            0|
|NULL|[7B 22 76 65 68 6...|sensor_data|        0|    14|2024-12-26 08:54:...|            0|
|NULL|[7B 22 76 65 68 6...|sensor_data|        0|    15|2024-12-26 08:54:...|            0|
|NULL|[7B 22 76 65 68 6...|sensor_data|        0|    16|2024-12-26 08:54:...|            0|
|NULL|[7B 22 76 65 68 6...|sensor_data|        0|    17|2024-12-26 08:54:...|            0|
|NULL|[7B 22 76 65 68 6...|sensor_data|        0|    18|2024-12-26 08:54:...|            0|
|NULL|[7B 22 76 65 68 6...|sensor_data|        0|    19|2024-12-26 08:54:...|            0|
+----+--------------------+-----------+---------+------+--------------------+-------------+
only showing top 20 rows
[2024-12-26T10:29:52.641+0000] {python.py:240} INFO - Done. Returned value was: /tmp/raw_vehicle_data
[2024-12-26T10:29:52.725+0000] {taskinstance.py:340} INFO - ::group::Post task execution logs
[2024-12-26T10:29:52.728+0000] {taskinstance.py:352} INFO - Marking task as SUCCESS. dag_id=vehicule_data_processing, task_id=extract_raw_data, run_id=scheduled__2024-12-25T00:00:00+00:00, execution_date=20241225T000000, start_date=20241226T102914, end_date=20241226T102952
[2024-12-26T10:29:52.792+0000] {local_task_job_runner.py:266} INFO - Task exited with return code 0
[2024-12-26T10:29:52.882+0000] {taskinstance.py:3895} INFO - 1 downstream tasks scheduled from follow-on schedule check
[2024-12-26T10:29:52.887+0000] {local_task_job_runner.py:245} INFO - ::endgroup::
